This file contains any messages produced by compilers while
running configure, to aid debugging if configure makes a mistake.

It was created by libvorbis configure 1.3.6, which was
generated by GNU Autoconf 2.69.  Invocation command line was

  $ ./configure --enable-static --disable-shared --prefix=/home/rob/git/ninjas2/deps/ninjas2-w64 --target=x86_64-w64-mingw32 --host=x86_64-w64-mingw32 --build=x86_64-linux-gnu

## --------- ##
## Platform. ##
## --------- ##

hostname = lesruimte
uname -m = x86_64
uname -r = 4.4.0-157-lowlatency
uname -s = Linux
uname -v = #185-Ubuntu SMP PREEMPT Tue Jul 23 10:05:47 UTC 2019

/usr/bin/uname -p = unknown
/bin/uname -X     = unknown

/bin/arch              = unknown
/usr/bin/arch -k       = unknown
/usr/convex/getsysinfo = unknown
/usr/bin/hostinfo      = unknown
/bin/machine           = unknown
/usr/bin/oslevel       = unknown
/bin/universe          = unknown

PATH: /opt/mingw64/x86_64-w64-mingw32/bin
PATH: /opt/mingw64/bin
PATH: /home/rob/git/ninjas2/deps/ninjas2-w64/bin
PATH: /usr/sbin
PATH: /usr/bin
PATH: /sbin
PATH: /bin


## ----------- ##
## Core tests. ##
## ----------- ##

configure:2367: checking build system type
configure:2381: result: x86_64-pc-linux-gnu
configure:2401: checking host system type
configure:2414: result: x86_64-w64-mingw32
configure:2434: checking target system type
configure:2447: result: x86_64-w64-mingw32
configure:2490: checking for a BSD-compatible install
configure:2558: result: /usr/bin/install -c
configure:2569: checking whether build environment is sane
configure:2624: result: yes
configure:2683: checking for x86_64-w64-mingw32-strip
configure:2710: result: x86_64-w64-mingw32-strip
configure:2775: checking for a thread-safe mkdir -p
configure:2814: result: /bin/mkdir -p
configure:2821: checking for gawk
configure:2837: found /usr/bin/gawk
configure:2848: result: gawk
configure:2859: checking whether make sets $(MAKE)
configure:2881: result: yes
configure:2910: checking whether make supports nested variables
configure:2927: result: yes
configure:3054: checking whether to enable maintainer-specific portions of Makefiles
configure:3063: result: no
configure:3091: checking whether make supports nested variables
configure:3108: result: yes
configure:3153: checking for x86_64-w64-mingw32-gcc
configure:3180: result: x86_64-w64-mingw32-gcc
configure:3449: checking for C compiler version
configure:3458: x86_64-w64-mingw32-gcc --version >&5
x86_64-w64-mingw32-gcc (GCC) 4.9.0 20131228 (experimental)
Copyright (C) 2013 Free Software Foundation, Inc.
This is free software; see the source for copying conditions.  There is NO
warranty; not even for MERCHANTABILITY or FITNESS FOR A PARTICULAR PURPOSE.

configure:3469: $? = 0
configure:3458: x86_64-w64-mingw32-gcc -v >&5
Using built-in specs.
COLLECT_GCC=x86_64-w64-mingw32-gcc
COLLECT_LTO_WRAPPER=/opt/mingw64/bin/../libexec/gcc/x86_64-w64-mingw32/4.9.0/lto-wrapper
Target: x86_64-w64-mingw32
Configured with: ../../../build/gcc/src/configure --target=x86_64-w64-mingw32 --prefix=/home/mingw-w64/mingw-w64/linux-x86_64-x86_64/build/build/root --with-sysroot=/home/mingw-w64/mingw-w64/linux-x86_64-x86_64/build/build/root --with-gnu-ld --with-gnu-as --enable-fully-dynamic-string --disable-multilib
Thread model: win32
gcc version 4.9.0 20131228 (experimental) (GCC) 
configure:3469: $? = 0
configure:3458: x86_64-w64-mingw32-gcc -V >&5
x86_64-w64-mingw32-gcc: error: unrecognized command line option '-V'
x86_64-w64-mingw32-gcc: fatal error: no input files
compilation terminated.
configure:3469: $? = 1
configure:3458: x86_64-w64-mingw32-gcc -qversion >&5
x86_64-w64-mingw32-gcc: error: unrecognized command line option '-qversion'
x86_64-w64-mingw32-gcc: fatal error: no input files
compilation terminated.
configure:3469: $? = 1
configure:3489: checking whether the C compiler works
configure:3511: x86_64-w64-mingw32-gcc -O3 -mtune=generic -msse -msse2 -mfpmath=sse -fvisibility=hidden -fdata-sections -ffunction-sections -DNDEBUG -DPTW32_STATIC_LIB -I/home/rob/git/ninjas2/deps/ninjas2-w64/include -I/opt/mingw64/include -DPIC -DNDEBUG -DPTW32_STATIC_LIB -I/home/rob/git/ninjas2/deps/ninjas2-w64/include -I/opt/mingw64/include -fdata-sections -ffunction-sections -Wl,--gc-sections -Wl,-O1 -Wl,--as-needed -Wl,--strip-all -L/home/rob/git/ninjas2/deps/ninjas2-w64/lib -L/opt/mingw64/lib conftest.c  >&5
configure:3515: $? = 0
configure:3563: result: yes
configure:3566: checking for C compiler default output file name
configure:3568: result: a.exe
configure:3574: checking for suffix of executables
configure:3581: x86_64-w64-mingw32-gcc -o conftest.exe -O3 -mtune=generic -msse -msse2 -mfpmath=sse -fvisibility=hidden -fdata-sections -ffunction-sections -DNDEBUG -DPTW32_STATIC_LIB -I/home/rob/git/ninjas2/deps/ninjas2-w64/include -I/opt/mingw64/include -DPIC -DNDEBUG -DPTW32_STATIC_LIB -I/home/rob/git/ninjas2/deps/ninjas2-w64/include -I/opt/mingw64/include -fdata-sections -ffunction-sections -Wl,--gc-sections -Wl,-O1 -Wl,--as-needed -Wl,--strip-all -L/home/rob/git/ninjas2/deps/ninjas2-w64/lib -L/opt/mingw64/lib conftest.c  >&5
configure:3585: $? = 0
configure:3607: result: .exe
configure:3629: checking whether we are cross compiling
configure:3667: result: yes
configure:3672: checking for suffix of object files
configure:3694: x86_64-w64-mingw32-gcc -c -O3 -mtune=generic -msse -msse2 -mfpmath=sse -fvisibility=hidden -fdata-sections -ffunction-sections -DNDEBUG -DPTW32_STATIC_LIB -I/home/rob/git/ninjas2/deps/ninjas2-w64/include -I/opt/mingw64/include -DPIC -DNDEBUG -DPTW32_STATIC_LIB -I/home/rob/git/ninjas2/deps/ninjas2-w64/include -I/opt/mingw64/include conftest.c >&5
configure:3698: $? = 0
configure:3719: result: o
configure:3723: checking whether we are using the GNU C compiler
configure:3742: x86_64-w64-mingw32-gcc -c -O3 -mtune=generic -msse -msse2 -mfpmath=sse -fvisibility=hidden -fdata-sections -ffunction-sections -DNDEBUG -DPTW32_STATIC_LIB -I/home/rob/git/ninjas2/deps/ninjas2-w64/include -I/opt/mingw64/include -DPIC -DNDEBUG -DPTW32_STATIC_LIB -I/home/rob/git/ninjas2/deps/ninjas2-w64/include -I/opt/mingw64/include conftest.c >&5
configure:3742: $? = 0
configure:3751: result: yes
configure:3760: checking whether x86_64-w64-mingw32-gcc accepts -g
configure:3780: x86_64-w64-mingw32-gcc -c -g -DPIC -DNDEBUG -DPTW32_STATIC_LIB -I/home/rob/git/ninjas2/deps/ninjas2-w64/include -I/opt/mingw64/include conftest.c >&5
configure:3780: $? = 0
configure:3821: result: yes
configure:3838: checking for x86_64-w64-mingw32-gcc option to accept ISO C89
configure:3901: x86_64-w64-mingw32-gcc  -c -O3 -mtune=generic -msse -msse2 -mfpmath=sse -fvisibility=hidden -fdata-sections -ffunction-sections -DNDEBUG -DPTW32_STATIC_LIB -I/home/rob/git/ninjas2/deps/ninjas2-w64/include -I/opt/mingw64/include -DPIC -DNDEBUG -DPTW32_STATIC_LIB -I/home/rob/git/ninjas2/deps/ninjas2-w64/include -I/opt/mingw64/include conftest.c >&5
configure:3901: $? = 0
configure:3914: result: none needed
configure:3939: checking whether x86_64-w64-mingw32-gcc understands -c and -o together
configure:3961: x86_64-w64-mingw32-gcc -c conftest.c -o conftest2.o
configure:3964: $? = 0
configure:3961: x86_64-w64-mingw32-gcc -c conftest.c -o conftest2.o
configure:3964: $? = 0
configure:3976: result: yes
configure:4004: checking for style of include used by make
configure:4032: result: GNU
configure:4058: checking dependency style of x86_64-w64-mingw32-gcc
configure:4169: result: gcc3
configure:4189: checking how to run the C preprocessor
configure:4220: x86_64-w64-mingw32-gcc -E -DPIC -DNDEBUG -DPTW32_STATIC_LIB -I/home/rob/git/ninjas2/deps/ninjas2-w64/include -I/opt/mingw64/include conftest.c
configure:4220: $? = 0
configure:4234: x86_64-w64-mingw32-gcc -E -DPIC -DNDEBUG -DPTW32_STATIC_LIB -I/home/rob/git/ninjas2/deps/ninjas2-w64/include -I/opt/mingw64/include conftest.c
conftest.c:11:28: fatal error: ac_nonexistent.h: No such file or directory
 #include <ac_nonexistent.h>
                            ^
compilation terminated.
configure:4234: $? = 1
configure: failed program was:
| /* confdefs.h */
| #define PACKAGE_NAME "libvorbis"
| #define PACKAGE_TARNAME "libvorbis"
| #define PACKAGE_VERSION "1.3.6"
| #define PACKAGE_STRING "libvorbis 1.3.6"
| #define PACKAGE_BUGREPORT "vorbis-dev@xiph.org"
| #define PACKAGE_URL ""
| #define PACKAGE "libvorbis"
| #define VERSION "1.3.6"
| /* end confdefs.h.  */
| #include <ac_nonexistent.h>
configure:4259: result: x86_64-w64-mingw32-gcc -E
configure:4279: x86_64-w64-mingw32-gcc -E -DPIC -DNDEBUG -DPTW32_STATIC_LIB -I/home/rob/git/ninjas2/deps/ninjas2-w64/include -I/opt/mingw64/include conftest.c
configure:4279: $? = 0
configure:4293: x86_64-w64-mingw32-gcc -E -DPIC -DNDEBUG -DPTW32_STATIC_LIB -I/home/rob/git/ninjas2/deps/ninjas2-w64/include -I/opt/mingw64/include conftest.c
conftest.c:11:28: fatal error: ac_nonexistent.h: No such file or directory
 #include <ac_nonexistent.h>
                            ^
compilation terminated.
configure:4293: $? = 1
configure: failed program was:
| /* confdefs.h */
| #define PACKAGE_NAME "libvorbis"
| #define PACKAGE_TARNAME "libvorbis"
| #define PACKAGE_VERSION "1.3.6"
| #define PACKAGE_STRING "libvorbis 1.3.6"
| #define PACKAGE_BUGREPORT "vorbis-dev@xiph.org"
| #define PACKAGE_URL ""
| #define PACKAGE "libvorbis"
| #define VERSION "1.3.6"
| /* end confdefs.h.  */
| #include <ac_nonexistent.h>
configure:4324: checking for inline
configure:4340: x86_64-w64-mingw32-gcc -c -O3 -mtune=generic -msse -msse2 -mfpmath=sse -fvisibility=hidden -fdata-sections -ffunction-sections -DNDEBUG -DPTW32_STATIC_LIB -I/home/rob/git/ninjas2/deps/ninjas2-w64/include -I/opt/mingw64/include -DPIC -DNDEBUG -DPTW32_STATIC_LIB -I/home/rob/git/ninjas2/deps/ninjas2-w64/include -I/opt/mingw64/include conftest.c >&5
configure:4340: $? = 0
configure:4348: result: inline
configure:4374: checking for x86_64-w64-mingw32-as
configure:4390: found /opt/mingw64/bin/x86_64-w64-mingw32-as
configure:4401: result: x86_64-w64-mingw32-as
configure:4466: checking for x86_64-w64-mingw32-dlltool
configure:4482: found /opt/mingw64/bin/x86_64-w64-mingw32-dlltool
configure:4493: result: x86_64-w64-mingw32-dlltool
configure:4558: checking for x86_64-w64-mingw32-objdump
configure:4574: found /opt/mingw64/bin/x86_64-w64-mingw32-objdump
configure:4585: result: x86_64-w64-mingw32-objdump
configure:4716: checking how to print strings
configure:4743: result: printf
configure:4764: checking for a sed that does not truncate output
configure:4828: result: /bin/sed
configure:4846: checking for grep that handles long lines and -e
configure:4904: result: /bin/grep
configure:4909: checking for egrep
configure:4971: result: /bin/grep -E
configure:4976: checking for fgrep
configure:5038: result: /bin/grep -F
configure:5073: checking for ld used by x86_64-w64-mingw32-gcc
configure:5140: result: /opt/mingw64/x86_64-w64-mingw32/bin/ld
configure:5147: checking if the linker (/opt/mingw64/x86_64-w64-mingw32/bin/ld) is GNU ld
configure:5162: result: yes
configure:5174: checking for BSD- or MS-compatible name lister (nm)
configure:5228: result: /opt/mingw64/bin/x86_64-w64-mingw32-nm -B
configure:5358: checking the name lister (/opt/mingw64/bin/x86_64-w64-mingw32-nm -B) interface
configure:5365: x86_64-w64-mingw32-gcc -c -O3 -mtune=generic -msse -msse2 -mfpmath=sse -fvisibility=hidden -fdata-sections -ffunction-sections -DNDEBUG -DPTW32_STATIC_LIB -I/home/rob/git/ninjas2/deps/ninjas2-w64/include -I/opt/mingw64/include -DPIC -DNDEBUG -DPTW32_STATIC_LIB -I/home/rob/git/ninjas2/deps/ninjas2-w64/include -I/opt/mingw64/include conftest.c >&5
configure:5368: /opt/mingw64/bin/x86_64-w64-mingw32-nm -B "conftest.o"
configure:5371: output
0000000000000000 b .bss
0000000000000000 d .data
0000000000000000 d .data$some_variable
0000000000000000 r .rdata$zzz
0000000000000000 t .text
0000000000000000 D some_variable
configure:5378: result: BSD nm
configure:5381: checking whether ln -s works
configure:5385: result: yes
configure:5393: checking the maximum length of command line arguments
configure:5524: result: 1572864
configure:5572: checking how to convert x86_64-pc-linux-gnu file names to x86_64-w64-mingw32 format
configure:5612: result: func_convert_file_nix_to_w32
configure:5619: checking how to convert x86_64-pc-linux-gnu file names to toolchain format
configure:5639: result: func_convert_file_noop
configure:5646: checking for /opt/mingw64/x86_64-w64-mingw32/bin/ld option to reload object files
configure:5653: result: -r
configure:5687: checking for x86_64-w64-mingw32-objdump
configure:5714: result: x86_64-w64-mingw32-objdump
configure:5783: checking how to recognize dependent libraries
configure:5983: result: file_magic ^x86 archive import|^x86 DLL
configure:6028: checking for x86_64-w64-mingw32-dlltool
configure:6055: result: x86_64-w64-mingw32-dlltool
configure:6125: checking how to associate runtime and link libraries
configure:6152: result: func_cygming_dll_for_implib
configure:6168: checking for x86_64-w64-mingw32-ar
configure:6195: result: x86_64-w64-mingw32-ar
configure:6276: checking for archiver @FILE support
configure:6293: x86_64-w64-mingw32-gcc -c -O3 -mtune=generic -msse -msse2 -mfpmath=sse -fvisibility=hidden -fdata-sections -ffunction-sections -DNDEBUG -DPTW32_STATIC_LIB -I/home/rob/git/ninjas2/deps/ninjas2-w64/include -I/opt/mingw64/include -DPIC -DNDEBUG -DPTW32_STATIC_LIB -I/home/rob/git/ninjas2/deps/ninjas2-w64/include -I/opt/mingw64/include conftest.c >&5
configure:6293: $? = 0
configure:6296: x86_64-w64-mingw32-ar cru libconftest.a @conftest.lst >&5
configure:6299: $? = 0
configure:6304: x86_64-w64-mingw32-ar cru libconftest.a @conftest.lst >&5
x86_64-w64-mingw32-ar: conftest.o: No such file or directory
configure:6307: $? = 1
configure:6319: result: @
configure:6337: checking for x86_64-w64-mingw32-strip
configure:6364: result: x86_64-w64-mingw32-strip
configure:6436: checking for x86_64-w64-mingw32-ranlib
configure:6452: found /opt/mingw64/bin/x86_64-w64-mingw32-ranlib
configure:6463: result: x86_64-w64-mingw32-ranlib
configure:6605: checking command to parse /opt/mingw64/bin/x86_64-w64-mingw32-nm -B output from x86_64-w64-mingw32-gcc object
configure:6758: x86_64-w64-mingw32-gcc -c -O3 -mtune=generic -msse -msse2 -mfpmath=sse -fvisibility=hidden -fdata-sections -ffunction-sections -DNDEBUG -DPTW32_STATIC_LIB -I/home/rob/git/ninjas2/deps/ninjas2-w64/include -I/opt/mingw64/include -DPIC -DNDEBUG -DPTW32_STATIC_LIB -I/home/rob/git/ninjas2/deps/ninjas2-w64/include -I/opt/mingw64/include conftest.c >&5
configure:6761: $? = 0
configure:6765: /opt/mingw64/bin/x86_64-w64-mingw32-nm -B conftest.o \| sed -n -e 's/^.*[ ]\([ABCDGIRSTW][ABCDGIRSTW]*\)[ ][ ]*\([_A-Za-z][_A-Za-z0-9]*\)$/\1 \2 \2/p' | sed '/ __gnu_lto/d' \> conftest.nm
configure:6768: $? = 0
configure:6834: x86_64-w64-mingw32-gcc -o conftest.exe -O3 -mtune=generic -msse -msse2 -mfpmath=sse -fvisibility=hidden -fdata-sections -ffunction-sections -DNDEBUG -DPTW32_STATIC_LIB -I/home/rob/git/ninjas2/deps/ninjas2-w64/include -I/opt/mingw64/include -DPIC -DNDEBUG -DPTW32_STATIC_LIB -I/home/rob/git/ninjas2/deps/ninjas2-w64/include -I/opt/mingw64/include -fdata-sections -ffunction-sections -Wl,--gc-sections -Wl,-O1 -Wl,--as-needed -Wl,--strip-all -L/home/rob/git/ninjas2/deps/ninjas2-w64/lib -L/opt/mingw64/lib conftest.c conftstm.o >&5
configure:6837: $? = 0
configure:6875: result: ok
configure:6922: checking for sysroot
configure:6952: result: no
configure:6959: checking for a working dd
configure:6997: result: /bin/dd
configure:7001: checking how to truncate binary pipes
configure:7016: result: /bin/dd bs=4096 count=1
configure:7305: checking for x86_64-w64-mingw32-mt
configure:7335: result: no
configure:7345: checking for mt
configure:7361: found /bin/mt
configure:7372: result: mt
configure:7384: WARNING: using cross tools not prefixed with host triplet
configure:7395: checking if mt is a manifest tool
configure:7401: mt '-?'
configure:7409: result: no
configure:8082: checking for ANSI C header files
configure:8102: x86_64-w64-mingw32-gcc -c -O3 -mtune=generic -msse -msse2 -mfpmath=sse -fvisibility=hidden -fdata-sections -ffunction-sections -DNDEBUG -DPTW32_STATIC_LIB -I/home/rob/git/ninjas2/deps/ninjas2-w64/include -I/opt/mingw64/include -DPIC -DNDEBUG -DPTW32_STATIC_LIB -I/home/rob/git/ninjas2/deps/ninjas2-w64/include -I/opt/mingw64/include conftest.c >&5
configure:8102: $? = 0
configure:8186: result: yes
configure:8199: checking for sys/types.h
configure:8199: x86_64-w64-mingw32-gcc -c -O3 -mtune=generic -msse -msse2 -mfpmath=sse -fvisibility=hidden -fdata-sections -ffunction-sections -DNDEBUG -DPTW32_STATIC_LIB -I/home/rob/git/ninjas2/deps/ninjas2-w64/include -I/opt/mingw64/include -DPIC -DNDEBUG -DPTW32_STATIC_LIB -I/home/rob/git/ninjas2/deps/ninjas2-w64/include -I/opt/mingw64/include conftest.c >&5
configure:8199: $? = 0
configure:8199: result: yes
configure:8199: checking for sys/stat.h
configure:8199: x86_64-w64-mingw32-gcc -c -O3 -mtune=generic -msse -msse2 -mfpmath=sse -fvisibility=hidden -fdata-sections -ffunction-sections -DNDEBUG -DPTW32_STATIC_LIB -I/home/rob/git/ninjas2/deps/ninjas2-w64/include -I/opt/mingw64/include -DPIC -DNDEBUG -DPTW32_STATIC_LIB -I/home/rob/git/ninjas2/deps/ninjas2-w64/include -I/opt/mingw64/include conftest.c >&5
configure:8199: $? = 0
configure:8199: result: yes
configure:8199: checking for stdlib.h
configure:8199: x86_64-w64-mingw32-gcc -c -O3 -mtune=generic -msse -msse2 -mfpmath=sse -fvisibility=hidden -fdata-sections -ffunction-sections -DNDEBUG -DPTW32_STATIC_LIB -I/home/rob/git/ninjas2/deps/ninjas2-w64/include -I/opt/mingw64/include -DPIC -DNDEBUG -DPTW32_STATIC_LIB -I/home/rob/git/ninjas2/deps/ninjas2-w64/include -I/opt/mingw64/include conftest.c >&5
configure:8199: $? = 0
configure:8199: result: yes
configure:8199: checking for string.h
configure:8199: x86_64-w64-mingw32-gcc -c -O3 -mtune=generic -msse -msse2 -mfpmath=sse -fvisibility=hidden -fdata-sections -ffunction-sections -DNDEBUG -DPTW32_STATIC_LIB -I/home/rob/git/ninjas2/deps/ninjas2-w64/include -I/opt/mingw64/include -DPIC -DNDEBUG -DPTW32_STATIC_LIB -I/home/rob/git/ninjas2/deps/ninjas2-w64/include -I/opt/mingw64/include conftest.c >&5
configure:8199: $? = 0
configure:8199: result: yes
configure:8199: checking for memory.h
configure:8199: x86_64-w64-mingw32-gcc -c -O3 -mtune=generic -msse -msse2 -mfpmath=sse -fvisibility=hidden -fdata-sections -ffunction-sections -DNDEBUG -DPTW32_STATIC_LIB -I/home/rob/git/ninjas2/deps/ninjas2-w64/include -I/opt/mingw64/include -DPIC -DNDEBUG -DPTW32_STATIC_LIB -I/home/rob/git/ninjas2/deps/ninjas2-w64/include -I/opt/mingw64/include conftest.c >&5
configure:8199: $? = 0
configure:8199: result: yes
configure:8199: checking for strings.h
configure:8199: x86_64-w64-mingw32-gcc -c -O3 -mtune=generic -msse -msse2 -mfpmath=sse -fvisibility=hidden -fdata-sections -ffunction-sections -DNDEBUG -DPTW32_STATIC_LIB -I/home/rob/git/ninjas2/deps/ninjas2-w64/include -I/opt/mingw64/include -DPIC -DNDEBUG -DPTW32_STATIC_LIB -I/home/rob/git/ninjas2/deps/ninjas2-w64/include -I/opt/mingw64/include conftest.c >&5
configure:8199: $? = 0
configure:8199: result: yes
configure:8199: checking for inttypes.h
configure:8199: x86_64-w64-mingw32-gcc -c -O3 -mtune=generic -msse -msse2 -mfpmath=sse -fvisibility=hidden -fdata-sections -ffunction-sections -DNDEBUG -DPTW32_STATIC_LIB -I/home/rob/git/ninjas2/deps/ninjas2-w64/include -I/opt/mingw64/include -DPIC -DNDEBUG -DPTW32_STATIC_LIB -I/home/rob/git/ninjas2/deps/ninjas2-w64/include -I/opt/mingw64/include conftest.c >&5
configure:8199: $? = 0
configure:8199: result: yes
configure:8199: checking for stdint.h
configure:8199: x86_64-w64-mingw32-gcc -c -O3 -mtune=generic -msse -msse2 -mfpmath=sse -fvisibility=hidden -fdata-sections -ffunction-sections -DNDEBUG -DPTW32_STATIC_LIB -I/home/rob/git/ninjas2/deps/ninjas2-w64/include -I/opt/mingw64/include -DPIC -DNDEBUG -DPTW32_STATIC_LIB -I/home/rob/git/ninjas2/deps/ninjas2-w64/include -I/opt/mingw64/include conftest.c >&5
configure:8199: $? = 0
configure:8199: result: yes
configure:8199: checking for unistd.h
configure:8199: x86_64-w64-mingw32-gcc -c -O3 -mtune=generic -msse -msse2 -mfpmath=sse -fvisibility=hidden -fdata-sections -ffunction-sections -DNDEBUG -DPTW32_STATIC_LIB -I/home/rob/git/ninjas2/deps/ninjas2-w64/include -I/opt/mingw64/include -DPIC -DNDEBUG -DPTW32_STATIC_LIB -I/home/rob/git/ninjas2/deps/ninjas2-w64/include -I/opt/mingw64/include conftest.c >&5
configure:8199: $? = 0
configure:8199: result: yes
configure:8213: checking for dlfcn.h
configure:8213: x86_64-w64-mingw32-gcc -c -O3 -mtune=generic -msse -msse2 -mfpmath=sse -fvisibility=hidden -fdata-sections -ffunction-sections -DNDEBUG -DPTW32_STATIC_LIB -I/home/rob/git/ninjas2/deps/ninjas2-w64/include -I/opt/mingw64/include -DPIC -DNDEBUG -DPTW32_STATIC_LIB -I/home/rob/git/ninjas2/deps/ninjas2-w64/include -I/opt/mingw64/include conftest.c >&5
conftest.c:55:19: fatal error: dlfcn.h: No such file or directory
 #include <dlfcn.h>
                   ^
compilation terminated.
configure:8213: $? = 1
configure: failed program was:
| /* confdefs.h */
| #define PACKAGE_NAME "libvorbis"
| #define PACKAGE_TARNAME "libvorbis"
| #define PACKAGE_VERSION "1.3.6"
| #define PACKAGE_STRING "libvorbis 1.3.6"
| #define PACKAGE_BUGREPORT "vorbis-dev@xiph.org"
| #define PACKAGE_URL ""
| #define PACKAGE "libvorbis"
| #define VERSION "1.3.6"
| #define STDC_HEADERS 1
| #define HAVE_SYS_TYPES_H 1
| #define HAVE_SYS_STAT_H 1
| #define HAVE_STDLIB_H 1
| #define HAVE_STRING_H 1
| #define HAVE_MEMORY_H 1
| #define HAVE_STRINGS_H 1
| #define HAVE_INTTYPES_H 1
| #define HAVE_STDINT_H 1
| #define HAVE_UNISTD_H 1
| /* end confdefs.h.  */
| #include <stdio.h>
| #ifdef HAVE_SYS_TYPES_H
| # include <sys/types.h>
| #endif
| #ifdef HAVE_SYS_STAT_H
| # include <sys/stat.h>
| #endif
| #ifdef STDC_HEADERS
| # include <stdlib.h>
| # include <stddef.h>
| #else
| # ifdef HAVE_STDLIB_H
| #  include <stdlib.h>
| # endif
| #endif
| #ifdef HAVE_STRING_H
| # if !defined STDC_HEADERS && defined HAVE_MEMORY_H
| #  include <memory.h>
| # endif
| # include <string.h>
| #endif
| #ifdef HAVE_STRINGS_H
| # include <strings.h>
| #endif
| #ifdef HAVE_INTTYPES_H
| # include <inttypes.h>
| #endif
| #ifdef HAVE_STDINT_H
| # include <stdint.h>
| #endif
| #ifdef HAVE_UNISTD_H
| # include <unistd.h>
| #endif
| 
| #include <dlfcn.h>
configure:8213: result: no
configure:8467: checking for objdir
configure:8482: result: .libs
configure:8746: checking if x86_64-w64-mingw32-gcc supports -fno-rtti -fno-exceptions
configure:8764: x86_64-w64-mingw32-gcc -c -O3 -mtune=generic -msse -msse2 -mfpmath=sse -fvisibility=hidden -fdata-sections -ffunction-sections -DNDEBUG -DPTW32_STATIC_LIB -I/home/rob/git/ninjas2/deps/ninjas2-w64/include -I/opt/mingw64/include -DPIC -DNDEBUG -DPTW32_STATIC_LIB -I/home/rob/git/ninjas2/deps/ninjas2-w64/include -I/opt/mingw64/include -fno-rtti -fno-exceptions conftest.c >&5
cc1: warning: command line option '-fno-rtti' is valid for C++/ObjC++ but not for C [enabled by default]
configure:8768: $? = 0
configure:8781: result: no
configure:9139: checking for x86_64-w64-mingw32-gcc option to produce PIC
configure:9146: result: -DDLL_EXPORT -DPIC
configure:9154: checking if x86_64-w64-mingw32-gcc PIC flag -DDLL_EXPORT -DPIC works
configure:9172: x86_64-w64-mingw32-gcc -c -O3 -mtune=generic -msse -msse2 -mfpmath=sse -fvisibility=hidden -fdata-sections -ffunction-sections -DNDEBUG -DPTW32_STATIC_LIB -I/home/rob/git/ninjas2/deps/ninjas2-w64/include -I/opt/mingw64/include -DPIC -DNDEBUG -DPTW32_STATIC_LIB -I/home/rob/git/ninjas2/deps/ninjas2-w64/include -I/opt/mingw64/include -DDLL_EXPORT -DPIC -DPIC conftest.c >&5
configure:9176: $? = 0
configure:9189: result: yes
configure:9218: checking if x86_64-w64-mingw32-gcc static flag -static works
configure:9246: result: yes
configure:9261: checking if x86_64-w64-mingw32-gcc supports -c -o file.o
configure:9282: x86_64-w64-mingw32-gcc -c -O3 -mtune=generic -msse -msse2 -mfpmath=sse -fvisibility=hidden -fdata-sections -ffunction-sections -DNDEBUG -DPTW32_STATIC_LIB -I/home/rob/git/ninjas2/deps/ninjas2-w64/include -I/opt/mingw64/include -DPIC -DNDEBUG -DPTW32_STATIC_LIB -I/home/rob/git/ninjas2/deps/ninjas2-w64/include -I/opt/mingw64/include -o out/conftest2.o conftest.c >&5
configure:9286: $? = 0
configure:9308: result: yes
configure:9316: checking if x86_64-w64-mingw32-gcc supports -c -o file.o
configure:9363: result: yes
configure:9396: checking whether the x86_64-w64-mingw32-gcc linker (/opt/mingw64/x86_64-w64-mingw32/bin/ld) supports shared libraries
configure:10655: result: yes
configure:10895: checking dynamic linker characteristics
configure:11716: result: Win32 ld.exe
configure:11838: checking how to hardcode library paths into programs
configure:11863: result: immediate
configure:12411: checking whether stripping libraries is possible
configure:12416: result: yes
configure:12451: checking if libtool supports shared libraries
configure:12453: result: yes
configure:12456: checking whether to build shared libraries
configure:12481: result: no
configure:12484: checking whether to build static libraries
configure:12488: result: yes
configure:12729: checking GCC version
configure:12732: result: 4.9.0
configure:12873: checking if x86_64-w64-mingw32-gcc accepts -Wdeclaration-after-statement
configure:12888: x86_64-w64-mingw32-gcc -o conftest.exe -O3 -Wall -Wextra -D__NO_MATH_INLINES -fsigned-char -Wdeclaration-after-statement -DPIC -DNDEBUG -DPTW32_STATIC_LIB -I/home/rob/git/ninjas2/deps/ninjas2-w64/include -I/opt/mingw64/include -fdata-sections -ffunction-sections -Wl,--gc-sections -Wl,-O1 -Wl,--as-needed -Wl,--strip-all -L/home/rob/git/ninjas2/deps/ninjas2-w64/lib -L/opt/mingw64/lib conftest.c  >&5
configure:12888: $? = 0
configure:12889: result: yes
configure:12903: checking for memory.h
configure:12903: result: yes
configure:12915: checking for cos in -lm
configure:12940: x86_64-w64-mingw32-gcc -o conftest.exe -O3 -Wall -Wextra -D__NO_MATH_INLINES -fsigned-char -Wdeclaration-after-statement -O3 -mtune=generic -msse -msse2 -mfpmath=sse -fvisibility=hidden -fdata-sections -ffunction-sections -DNDEBUG -DPTW32_STATIC_LIB -I/home/rob/git/ninjas2/deps/ninjas2-w64/include -I/opt/mingw64/include -DUSE_MEMORY_H -DPIC -DNDEBUG -DPTW32_STATIC_LIB -I/home/rob/git/ninjas2/deps/ninjas2-w64/include -I/opt/mingw64/include -fdata-sections -ffunction-sections -Wl,--gc-sections -Wl,-O1 -Wl,--as-needed -Wl,--strip-all -L/home/rob/git/ninjas2/deps/ninjas2-w64/lib -L/opt/mingw64/lib conftest.c -lm   >&5
conftest.c:29:6: warning: conflicting types for built-in function 'cos' [enabled by default]
 char cos ();
      ^
configure:12940: $? = 0
configure:12949: result: yes
configure:12957: checking for pthread_create in -lpthread
configure:12982: x86_64-w64-mingw32-gcc -o conftest.exe -O3 -Wall -Wextra -D__NO_MATH_INLINES -fsigned-char -Wdeclaration-after-statement -O3 -mtune=generic -msse -msse2 -mfpmath=sse -fvisibility=hidden -fdata-sections -ffunction-sections -DNDEBUG -DPTW32_STATIC_LIB -I/home/rob/git/ninjas2/deps/ninjas2-w64/include -I/opt/mingw64/include -DUSE_MEMORY_H -DPIC -DNDEBUG -DPTW32_STATIC_LIB -I/home/rob/git/ninjas2/deps/ninjas2-w64/include -I/opt/mingw64/include -fdata-sections -ffunction-sections -Wl,--gc-sections -Wl,-O1 -Wl,--as-needed -Wl,--strip-all -L/home/rob/git/ninjas2/deps/ninjas2-w64/lib -L/opt/mingw64/lib conftest.c -lpthread   >&5
/opt/mingw64/bin/../lib/gcc/x86_64-w64-mingw32/4.9.0/../../../../x86_64-w64-mingw32/bin/ld: cannot find -lpthread
collect2: error: ld returned 1 exit status
configure:12982: $? = 1
configure: failed program was:
| /* confdefs.h */
| #define PACKAGE_NAME "libvorbis"
| #define PACKAGE_TARNAME "libvorbis"
| #define PACKAGE_VERSION "1.3.6"
| #define PACKAGE_STRING "libvorbis 1.3.6"
| #define PACKAGE_BUGREPORT "vorbis-dev@xiph.org"
| #define PACKAGE_URL ""
| #define PACKAGE "libvorbis"
| #define VERSION "1.3.6"
| #define STDC_HEADERS 1
| #define HAVE_SYS_TYPES_H 1
| #define HAVE_SYS_STAT_H 1
| #define HAVE_STDLIB_H 1
| #define HAVE_STRING_H 1
| #define HAVE_MEMORY_H 1
| #define HAVE_STRINGS_H 1
| #define HAVE_INTTYPES_H 1
| #define HAVE_STDINT_H 1
| #define HAVE_UNISTD_H 1
| #define LT_OBJDIR ".libs/"
| /* end confdefs.h.  */
| 
| /* Override any GCC internal prototype to avoid an error.
|    Use char because int might match the return type of a GCC
|    builtin and then its argument prototype would still apply.  */
| #ifdef __cplusplus
| extern "C"
| #endif
| char pthread_create ();
| int
| main ()
| {
| return pthread_create ();
|   ;
|   return 0;
| }
configure:12991: result: no
configure:13006: checking for x86_64-w64-mingw32-pkg-config
configure:13039: result: no
configure:13049: checking for pkg-config
configure:13067: found /usr/bin/pkg-config
configure:13079: result: /usr/bin/pkg-config
configure:13104: checking pkg-config is at least version 0.9.0
configure:13107: result: yes
configure:13122: checking for OGG
configure:13130: $PKG_CONFIG --exists --print-errors "ogg >= 1.0"
configure:13133: $? = 0
configure:13148: $PKG_CONFIG --exists --print-errors "ogg >= 1.0"
configure:13151: $? = 0
configure:13187: result: yes
configure:13370: checking for size_t
configure:13370: x86_64-w64-mingw32-gcc -c -O3 -Wall -Wextra -D__NO_MATH_INLINES -fsigned-char -Wdeclaration-after-statement -O3 -mtune=generic -msse -msse2 -mfpmath=sse -fvisibility=hidden -fdata-sections -ffunction-sections -DNDEBUG -DPTW32_STATIC_LIB -I/home/rob/git/ninjas2/deps/ninjas2-w64/include -I/opt/mingw64/include -DUSE_MEMORY_H -DPIC -DNDEBUG -DPTW32_STATIC_LIB -I/home/rob/git/ninjas2/deps/ninjas2-w64/include -I/opt/mingw64/include conftest.c >&5
configure:13370: $? = 0
configure:13370: x86_64-w64-mingw32-gcc -c -O3 -Wall -Wextra -D__NO_MATH_INLINES -fsigned-char -Wdeclaration-after-statement -O3 -mtune=generic -msse -msse2 -mfpmath=sse -fvisibility=hidden -fdata-sections -ffunction-sections -DNDEBUG -DPTW32_STATIC_LIB -I/home/rob/git/ninjas2/deps/ninjas2-w64/include -I/opt/mingw64/include -DUSE_MEMORY_H -DPIC -DNDEBUG -DPTW32_STATIC_LIB -I/home/rob/git/ninjas2/deps/ninjas2-w64/include -I/opt/mingw64/include conftest.c >&5
conftest.c: In function 'main':
conftest.c:58:21: error: expected expression before ')' token
 if (sizeof ((size_t)))
                     ^
configure:13370: $? = 1
configure: failed program was:
| /* confdefs.h */
| #define PACKAGE_NAME "libvorbis"
| #define PACKAGE_TARNAME "libvorbis"
| #define PACKAGE_VERSION "1.3.6"
| #define PACKAGE_STRING "libvorbis 1.3.6"
| #define PACKAGE_BUGREPORT "vorbis-dev@xiph.org"
| #define PACKAGE_URL ""
| #define PACKAGE "libvorbis"
| #define VERSION "1.3.6"
| #define STDC_HEADERS 1
| #define HAVE_SYS_TYPES_H 1
| #define HAVE_SYS_STAT_H 1
| #define HAVE_STDLIB_H 1
| #define HAVE_STRING_H 1
| #define HAVE_MEMORY_H 1
| #define HAVE_STRINGS_H 1
| #define HAVE_INTTYPES_H 1
| #define HAVE_STDINT_H 1
| #define HAVE_UNISTD_H 1
| #define LT_OBJDIR ".libs/"
| /* end confdefs.h.  */
| #include <stdio.h>
| #ifdef HAVE_SYS_TYPES_H
| # include <sys/types.h>
| #endif
| #ifdef HAVE_SYS_STAT_H
| # include <sys/stat.h>
| #endif
| #ifdef STDC_HEADERS
| # include <stdlib.h>
| # include <stddef.h>
| #else
| # ifdef HAVE_STDLIB_H
| #  include <stdlib.h>
| # endif
| #endif
| #ifdef HAVE_STRING_H
| # if !defined STDC_HEADERS && defined HAVE_MEMORY_H
| #  include <memory.h>
| # endif
| # include <string.h>
| #endif
| #ifdef HAVE_STRINGS_H
| # include <strings.h>
| #endif
| #ifdef HAVE_INTTYPES_H
| # include <inttypes.h>
| #endif
| #ifdef HAVE_STDINT_H
| # include <stdint.h>
| #endif
| #ifdef HAVE_UNISTD_H
| # include <unistd.h>
| #endif
| int
| main ()
| {
| if (sizeof ((size_t)))
| 	    return 0;
|   ;
|   return 0;
| }
configure:13370: result: yes
configure:13383: checking for working alloca.h
configure:13400: x86_64-w64-mingw32-gcc -o conftest.exe -O3 -Wall -Wextra -D__NO_MATH_INLINES -fsigned-char -Wdeclaration-after-statement -O3 -mtune=generic -msse -msse2 -mfpmath=sse -fvisibility=hidden -fdata-sections -ffunction-sections -DNDEBUG -DPTW32_STATIC_LIB -I/home/rob/git/ninjas2/deps/ninjas2-w64/include -I/opt/mingw64/include -DUSE_MEMORY_H -DPIC -DNDEBUG -DPTW32_STATIC_LIB -I/home/rob/git/ninjas2/deps/ninjas2-w64/include -I/opt/mingw64/include -fdata-sections -ffunction-sections -Wl,--gc-sections -Wl,-O1 -Wl,--as-needed -Wl,--strip-all -L/home/rob/git/ninjas2/deps/ninjas2-w64/lib -L/opt/mingw64/lib conftest.c  >&5
conftest.c:22:20: fatal error: alloca.h: No such file or directory
 #include <alloca.h>
                    ^
compilation terminated.
configure:13400: $? = 1
configure: failed program was:
| /* confdefs.h */
| #define PACKAGE_NAME "libvorbis"
| #define PACKAGE_TARNAME "libvorbis"
| #define PACKAGE_VERSION "1.3.6"
| #define PACKAGE_STRING "libvorbis 1.3.6"
| #define PACKAGE_BUGREPORT "vorbis-dev@xiph.org"
| #define PACKAGE_URL ""
| #define PACKAGE "libvorbis"
| #define VERSION "1.3.6"
| #define STDC_HEADERS 1
| #define HAVE_SYS_TYPES_H 1
| #define HAVE_SYS_STAT_H 1
| #define HAVE_STDLIB_H 1
| #define HAVE_STRING_H 1
| #define HAVE_MEMORY_H 1
| #define HAVE_STRINGS_H 1
| #define HAVE_INTTYPES_H 1
| #define HAVE_STDINT_H 1
| #define HAVE_UNISTD_H 1
| #define LT_OBJDIR ".libs/"
| /* end confdefs.h.  */
| #include <alloca.h>
| int
| main ()
| {
| char *p = (char *) alloca (2 * sizeof (int));
| 			  if (p) return 0;
|   ;
|   return 0;
| }
configure:13408: result: no
configure:13416: checking for alloca
configure:13453: x86_64-w64-mingw32-gcc -o conftest.exe -O3 -Wall -Wextra -D__NO_MATH_INLINES -fsigned-char -Wdeclaration-after-statement -O3 -mtune=generic -msse -msse2 -mfpmath=sse -fvisibility=hidden -fdata-sections -ffunction-sections -DNDEBUG -DPTW32_STATIC_LIB -I/home/rob/git/ninjas2/deps/ninjas2-w64/include -I/opt/mingw64/include -DUSE_MEMORY_H -DPIC -DNDEBUG -DPTW32_STATIC_LIB -I/home/rob/git/ninjas2/deps/ninjas2-w64/include -I/opt/mingw64/include -fdata-sections -ffunction-sections -Wl,--gc-sections -Wl,-O1 -Wl,--as-needed -Wl,--strip-all -L/home/rob/git/ninjas2/deps/ninjas2-w64/lib -L/opt/mingw64/lib conftest.c  >&5
configure:13453: $? = 0
configure:13461: result: yes
configure:13567: checking for working memcmp
configure:13620: result: no
configure:13752: checking that generated files are newer than configure
configure:13758: result: done
configure:13797: creating ./config.status

## ---------------------- ##
## Running config.status. ##
## ---------------------- ##

This file was extended by libvorbis config.status 1.3.6, which was
generated by GNU Autoconf 2.69.  Invocation command line was

  CONFIG_FILES    = 
  CONFIG_HEADERS  = 
  CONFIG_LINKS    = 
  CONFIG_COMMANDS = 
  $ ./config.status 

on lesruimte

config.status:1160: creating Makefile
config.status:1160: creating m4/Makefile
config.status:1160: creating lib/Makefile
config.status:1160: creating lib/modes/Makefile
config.status:1160: creating lib/books/Makefile
config.status:1160: creating lib/books/coupled/Makefile
config.status:1160: creating lib/books/uncoupled/Makefile
config.status:1160: creating lib/books/floor/Makefile
config.status:1160: creating doc/Makefile
config.status:1160: creating doc/vorbisfile/Makefile
config.status:1160: creating doc/vorbisenc/Makefile
config.status:1160: creating doc/libvorbis/Makefile
config.status:1160: creating doc/Doxyfile
config.status:1160: creating include/Makefile
config.status:1160: creating include/vorbis/Makefile
config.status:1160: creating examples/Makefile
config.status:1160: creating test/Makefile
config.status:1160: creating vq/Makefile
config.status:1160: creating libvorbis.spec
config.status:1160: creating vorbis.pc
config.status:1160: creating vorbisenc.pc
config.status:1160: creating vorbisfile.pc
config.status:1160: creating vorbis-uninstalled.pc
config.status:1160: creating vorbisenc-uninstalled.pc
config.status:1160: creating vorbisfile-uninstalled.pc
config.status:1160: creating config.h
config.status:1341: config.h is unchanged
config.status:1389: executing depfiles commands
config.status:1389: executing libtool commands

## ---------------- ##
## Cache variables. ##
## ---------------- ##

ac_cv_build=x86_64-pc-linux-gnu
ac_cv_c_compiler_gnu=yes
ac_cv_c_inline=inline
ac_cv_env_CC_set=set
ac_cv_env_CC_value=x86_64-w64-mingw32-gcc
ac_cv_env_CFLAGS_set=set
ac_cv_env_CFLAGS_value='-O3 -mtune=generic -msse -msse2 -mfpmath=sse -fvisibility=hidden -fdata-sections -ffunction-sections -DNDEBUG -DPTW32_STATIC_LIB -I/home/rob/git/ninjas2/deps/ninjas2-w64/include -I/opt/mingw64/include'
ac_cv_env_CPPFLAGS_set=set
ac_cv_env_CPPFLAGS_value='-DPIC -DNDEBUG -DPTW32_STATIC_LIB -I/home/rob/git/ninjas2/deps/ninjas2-w64/include -I/opt/mingw64/include'
ac_cv_env_CPP_set=
ac_cv_env_CPP_value=
ac_cv_env_LDFLAGS_set=set
ac_cv_env_LDFLAGS_value='-fdata-sections -ffunction-sections -Wl,--gc-sections -Wl,-O1 -Wl,--as-needed -Wl,--strip-all -L/home/rob/git/ninjas2/deps/ninjas2-w64/lib -L/opt/mingw64/lib'
ac_cv_env_LIBS_set=
ac_cv_env_LIBS_value=
ac_cv_env_LT_SYS_LIBRARY_PATH_set=
ac_cv_env_LT_SYS_LIBRARY_PATH_value=
ac_cv_env_OGG_CFLAGS_set=
ac_cv_env_OGG_CFLAGS_value=
ac_cv_env_OGG_LIBS_set=
ac_cv_env_OGG_LIBS_value=
ac_cv_env_PKG_CONFIG_set=
ac_cv_env_PKG_CONFIG_value=
ac_cv_env_build_alias_set=set
ac_cv_env_build_alias_value=x86_64-linux-gnu
ac_cv_env_host_alias_set=set
ac_cv_env_host_alias_value=x86_64-w64-mingw32
ac_cv_env_target_alias_set=set
ac_cv_env_target_alias_value=x86_64-w64-mingw32
ac_cv_exeext=.exe
ac_cv_func_alloca_works=yes
ac_cv_func_memcmp_working=no
ac_cv_header_dlfcn_h=no
ac_cv_header_inttypes_h=yes
ac_cv_header_memory_h=yes
ac_cv_header_stdc=yes
ac_cv_header_stdint_h=yes
ac_cv_header_stdlib_h=yes
ac_cv_header_string_h=yes
ac_cv_header_strings_h=yes
ac_cv_header_sys_stat_h=yes
ac_cv_header_sys_types_h=yes
ac_cv_header_unistd_h=yes
ac_cv_host=x86_64-w64-mingw32
ac_cv_lib_m_cos=yes
ac_cv_lib_pthread_pthread_create=no
ac_cv_objext=o
ac_cv_path_EGREP='/bin/grep -E'
ac_cv_path_FGREP='/bin/grep -F'
ac_cv_path_GREP=/bin/grep
ac_cv_path_SED=/bin/sed
ac_cv_path_ac_pt_PKG_CONFIG=/usr/bin/pkg-config
ac_cv_path_install='/usr/bin/install -c'
ac_cv_path_lt_DD=/bin/dd
ac_cv_path_mkdir=/bin/mkdir
ac_cv_prog_AR=x86_64-w64-mingw32-ar
ac_cv_prog_AS=x86_64-w64-mingw32-as
ac_cv_prog_AWK=gawk
ac_cv_prog_CC=x86_64-w64-mingw32-gcc
ac_cv_prog_CPP='x86_64-w64-mingw32-gcc -E'
ac_cv_prog_DLLTOOL=x86_64-w64-mingw32-dlltool
ac_cv_prog_OBJDUMP=x86_64-w64-mingw32-objdump
ac_cv_prog_RANLIB=x86_64-w64-mingw32-ranlib
ac_cv_prog_STRIP=x86_64-w64-mingw32-strip
ac_cv_prog_ac_ct_MANIFEST_TOOL=mt
ac_cv_prog_cc_c89=
ac_cv_prog_cc_g=yes
ac_cv_prog_make_make_set=yes
ac_cv_target=x86_64-w64-mingw32
ac_cv_type_size_t=yes
ac_cv_working_alloca_h=no
am_cv_CC_dependencies_compiler_type=gcc3
am_cv_make_support_nested_variables=yes
am_cv_prog_cc_c_o=yes
lt_cv_ar_at_file=@
lt_cv_deplibs_check_method='file_magic ^x86 archive import|^x86 DLL'
lt_cv_file_magic_cmd=func_win32_libid
lt_cv_file_magic_test_file=
lt_cv_ld_reload_flag=-r
lt_cv_nm_interface='BSD nm'
lt_cv_objdir=.libs
lt_cv_path_LD=/opt/mingw64/x86_64-w64-mingw32/bin/ld
lt_cv_path_NM='/opt/mingw64/bin/x86_64-w64-mingw32-nm -B'
lt_cv_path_mainfest_tool=no
lt_cv_prog_compiler_c_o=yes
lt_cv_prog_compiler_pic='-DDLL_EXPORT -DPIC'
lt_cv_prog_compiler_pic_works=yes
lt_cv_prog_compiler_rtti_exceptions=no
lt_cv_prog_compiler_static_works=yes
lt_cv_prog_gnu_ld=yes
lt_cv_sharedlib_from_linklib_cmd=func_cygming_dll_for_implib
lt_cv_sys_global_symbol_pipe='sed -n -e '\''s/^.*[	 ]\([ABCDGIRSTW][ABCDGIRSTW]*\)[	 ][	 ]*\([_A-Za-z][_A-Za-z0-9]*\)$/\1 \2 \2/p'\'' | sed '\''/ __gnu_lto/d'\'''
lt_cv_sys_global_symbol_to_c_name_address='sed -n -e '\''s/^: \(.*\) .*$/  {"\1", (void *) 0},/p'\'' -e '\''s/^[ABCDGIRSTW][ABCDGIRSTW]* .* \(.*\)$/  {"\1", (void *) \&\1},/p'\'''
lt_cv_sys_global_symbol_to_c_name_address_lib_prefix='sed -n -e '\''s/^: \(.*\) .*$/  {"\1", (void *) 0},/p'\'' -e '\''s/^[ABCDGIRSTW][ABCDGIRSTW]* .* \(lib.*\)$/  {"\1", (void *) \&\1},/p'\'' -e '\''s/^[ABCDGIRSTW][ABCDGIRSTW]* .* \(.*\)$/  {"lib\1", (void *) \&\1},/p'\'''
lt_cv_sys_global_symbol_to_cdecl='sed -n -e '\''s/^T .* \(.*\)$/extern int \1();/p'\'' -e '\''s/^[ABCDGIRSTW][ABCDGIRSTW]* .* \(.*\)$/extern char \1;/p'\'''
lt_cv_sys_global_symbol_to_import=
lt_cv_sys_max_cmd_len=1572864
lt_cv_to_host_file_cmd=func_convert_file_nix_to_w32
lt_cv_to_tool_file_cmd=func_convert_file_noop
lt_cv_truncate_bin='/bin/dd bs=4096 count=1'
pkg_cv_OGG_CFLAGS=-I/home/rob/git/ninjas2/deps/ninjas2-w64/include
pkg_cv_OGG_LIBS='-L/home/rob/git/ninjas2/deps/ninjas2-w64/lib -logg'

## ----------------- ##
## Output variables. ##
## ----------------- ##

ACLOCAL='${SHELL} /home/rob/git/ninjas2/deps/libvorbis-1.3.6/missing aclocal-1.15'
ACLOCAL_AMFLAGS='-I m4'
ALLOCA=''
AMDEPBACKSLASH='\'
AMDEP_FALSE='#'
AMDEP_TRUE=''
AMTAR='$${TAR-tar}'
AM_BACKSLASH='\'
AM_DEFAULT_V='$(AM_DEFAULT_VERBOSITY)'
AM_DEFAULT_VERBOSITY='0'
AM_V='$(V)'
AR='x86_64-w64-mingw32-ar'
AS='x86_64-w64-mingw32-as'
AUTOCONF='${SHELL} /home/rob/git/ninjas2/deps/libvorbis-1.3.6/missing autoconf'
AUTOHEADER='${SHELL} /home/rob/git/ninjas2/deps/libvorbis-1.3.6/missing autoheader'
AUTOMAKE='${SHELL} /home/rob/git/ninjas2/deps/libvorbis-1.3.6/missing automake-1.15'
AWK='gawk'
BUILD_DOCS_FALSE=''
BUILD_DOCS_TRUE='#'
BUILD_EXAMPLES_FALSE=''
BUILD_EXAMPLES_TRUE='#'
CC='x86_64-w64-mingw32-gcc'
CCDEPMODE='depmode=gcc3'
CFLAGS='-O3 -Wall -Wextra -D__NO_MATH_INLINES -fsigned-char -Wdeclaration-after-statement -O3 -mtune=generic -msse -msse2 -mfpmath=sse -fvisibility=hidden -fdata-sections -ffunction-sections -DNDEBUG -DPTW32_STATIC_LIB -I/home/rob/git/ninjas2/deps/ninjas2-w64/include -I/opt/mingw64/include -DUSE_MEMORY_H'
CPP='x86_64-w64-mingw32-gcc -E'
CPPFLAGS='-DPIC -DNDEBUG -DPTW32_STATIC_LIB -I/home/rob/git/ninjas2/deps/ninjas2-w64/include -I/opt/mingw64/include'
CYGPATH_W='echo'
DEBUG='-g -Wall -Wextra -D__NO_MATH_INLINES -fsigned-char'
DEFS='-DHAVE_CONFIG_H'
DEPDIR='.deps'
DLLTOOL='x86_64-w64-mingw32-dlltool'
DSYMUTIL=''
DUMPBIN=''
ECHO_C=''
ECHO_N='-n'
ECHO_T=''
EGREP='/bin/grep -E'
EXEEXT='.exe'
FGREP='/bin/grep -F'
GREP='/bin/grep'
HAVE_DOXYGEN='false'
HAVE_DOXYGEN_FALSE=''
HAVE_DOXYGEN_TRUE='#'
HTLATEX=''
INSTALL_DATA='${INSTALL} -m 644'
INSTALL_PROGRAM='${INSTALL}'
INSTALL_SCRIPT='${INSTALL}'
INSTALL_STRIP_PROGRAM='$(install_sh) -c -s'
LD='/opt/mingw64/x86_64-w64-mingw32/bin/ld'
LDFLAGS='-fdata-sections -ffunction-sections -Wl,--gc-sections -Wl,-O1 -Wl,--as-needed -Wl,--strip-all -L/home/rob/git/ninjas2/deps/ninjas2-w64/lib -L/opt/mingw64/lib'
LIBOBJS=' ${LIBOBJDIR}memcmp$U.o'
LIBS=''
LIBTOOL='$(SHELL) $(top_builddir)/libtool'
LIBTOOL_DEPS='./ltmain.sh'
LIPO=''
LN_S='ln -s'
LTLIBOBJS=' ${LIBOBJDIR}memcmp$U.lo'
LT_SYS_LIBRARY_PATH=''
MAINT='#'
MAINTAINER_MODE_FALSE=''
MAINTAINER_MODE_TRUE='#'
MAKEINFO='${SHELL} /home/rob/git/ninjas2/deps/libvorbis-1.3.6/missing makeinfo'
MANIFEST_TOOL=':'
MKDIR_P='/bin/mkdir -p'
NM='/opt/mingw64/bin/x86_64-w64-mingw32-nm -B'
NMEDIT=''
OBJDUMP='x86_64-w64-mingw32-objdump'
OBJEXT='o'
OGG_CFLAGS='-I/home/rob/git/ninjas2/deps/ninjas2-w64/include'
OGG_LIBS='-L/home/rob/git/ninjas2/deps/ninjas2-w64/lib -logg'
OTOOL64=''
OTOOL=''
PACKAGE='libvorbis'
PACKAGE_BUGREPORT='vorbis-dev@xiph.org'
PACKAGE_NAME='libvorbis'
PACKAGE_STRING='libvorbis 1.3.6'
PACKAGE_TARNAME='libvorbis'
PACKAGE_URL=''
PACKAGE_VERSION='1.3.6'
PATH_SEPARATOR=':'
PDFLATEX=''
PKG_CONFIG='/usr/bin/pkg-config'
PROFILE='-O3 -g -pg -D__NO_MATH_INLINES -fsigned-char'
RANLIB='x86_64-w64-mingw32-ranlib'
SED='/bin/sed'
SET_MAKE=''
SHELL='/bin/bash'
STRIP='x86_64-w64-mingw32-strip'
VERSION='1.3.6'
VE_LIB_AGE='0'
VE_LIB_CURRENT='2'
VE_LIB_REVISION='11'
VF_LIB_AGE='3'
VF_LIB_CURRENT='6'
VF_LIB_REVISION='7'
VORBIS_LIBS='-lm'
V_LIB_AGE='4'
V_LIB_CURRENT='4'
V_LIB_REVISION='8'
ac_ct_AR=''
ac_ct_CC=''
ac_ct_DUMPBIN=''
am__EXEEXT_FALSE='#'
am__EXEEXT_TRUE=''
am__fastdepCC_FALSE='#'
am__fastdepCC_TRUE=''
am__include='include'
am__isrc=''
am__leading_dot='.'
am__nodep='_no'
am__quote=''
am__tar='$${TAR-tar} chof - "$$tardir"'
am__untar='$${TAR-tar} xf -'
bindir='${exec_prefix}/bin'
build='x86_64-pc-linux-gnu'
build_alias='x86_64-linux-gnu'
build_cpu='x86_64'
build_os='linux-gnu'
build_vendor='pc'
datadir='${datarootdir}'
datarootdir='${prefix}/share'
docdir='${datarootdir}/doc/${PACKAGE_TARNAME}'
dvidir='${docdir}'
exec_prefix='${prefix}'
host='x86_64-w64-mingw32'
host_alias='x86_64-w64-mingw32'
host_cpu='x86_64'
host_os='mingw32'
host_vendor='w64'
htmldir='${docdir}'
includedir='${prefix}/include'
infodir='${datarootdir}/info'
install_sh='${SHELL} /home/rob/git/ninjas2/deps/libvorbis-1.3.6/install-sh'
libdir='${exec_prefix}/lib'
libexecdir='${exec_prefix}/libexec'
localedir='${datarootdir}/locale'
localstatedir='${prefix}/var'
mandir='${datarootdir}/man'
mkdir_p='$(MKDIR_P)'
oldincludedir='/usr/include'
pdfdir='${docdir}'
prefix='/home/rob/git/ninjas2/deps/ninjas2-w64'
program_transform_name='s&^&x86_64-w64-mingw32-&'
psdir='${docdir}'
pthread_lib=''
sbindir='${exec_prefix}/sbin'
sharedstatedir='${prefix}/com'
sysconfdir='${prefix}/etc'
target='x86_64-w64-mingw32'
target_alias='x86_64-w64-mingw32'
target_cpu='x86_64'
target_os='mingw32'
target_vendor='w64'

## ----------- ##
## confdefs.h. ##
## ----------- ##

/* confdefs.h */
#define PACKAGE_NAME "libvorbis"
#define PACKAGE_TARNAME "libvorbis"
#define PACKAGE_VERSION "1.3.6"
#define PACKAGE_STRING "libvorbis 1.3.6"
#define PACKAGE_BUGREPORT "vorbis-dev@xiph.org"
#define PACKAGE_URL ""
#define PACKAGE "libvorbis"
#define VERSION "1.3.6"
#define STDC_HEADERS 1
#define HAVE_SYS_TYPES_H 1
#define HAVE_SYS_STAT_H 1
#define HAVE_STDLIB_H 1
#define HAVE_STRING_H 1
#define HAVE_MEMORY_H 1
#define HAVE_STRINGS_H 1
#define HAVE_INTTYPES_H 1
#define HAVE_STDINT_H 1
#define HAVE_UNISTD_H 1
#define LT_OBJDIR ".libs/"
#define HAVE_ALLOCA 1

configure: exit 0
